  admin.cpp
D:\Advanced_programming\Project1\Project1\user.h(1,1): warning C4819: 该文件包含不能在当前代码页(936)中表示的字符。请将该文件保存为 Unicode 格式以防止数据丢失
D:\Advanced_programming\Project1\Project1\user.h(17,17): error C2143: 语法错误: 缺少“;”(在“*”的前面)
D:\Advanced_programming\Project1\Project1\user.h(17,17): error C2433: “userNode”: 不允许在数据声明中使用“friend”
D:\Advanced_programming\Project1\Project1\user.h(17,17): error C4430: 缺少类型说明符 - 假定为 int。注意: C++ 不支持默认 int
D:\Advanced_programming\Project1\Project1\user.h(17,42): error C2238: 意外的标记位于“;”之前
D:\Advanced_programming\Project1\Project1\total.h(6,10): error C2143: 语法错误: 缺少“;”(在“*”的前面)
D:\Advanced_programming\Project1\Project1\total.h(6,10): error C4430: 缺少类型说明符 - 假定为 int。注意: C++ 不支持默认 int
D:\Advanced_programming\Project1\Project1\total.h(6,1): error C2086: “int userNode”: 重定义
D:\Advanced_programming\Project1\Project1\user.h(17): message : 参见“userNode”的声明
D:\Advanced_programming\Project1\Project1\total.h(6,34): error C4430: 缺少类型说明符 - 假定为 int。注意: C++ 不支持默认 int
D:\Advanced_programming\Project1\Project1\total.h(11,14): error C2143: 语法错误: 缺少“;”(在“*”的前面)
D:\Advanced_programming\Project1\Project1\total.h(11,14): error C4430: 缺少类型说明符 - 假定为 int。注意: C++ 不支持默认 int
D:\Advanced_programming\Project1\Project1\total.h(11,23): error C2238: 意外的标记位于“;”之前
D:\Advanced_programming\Project1\Project1\total.h(12,14): error C2143: 语法错误: 缺少“;”(在“*”的前面)
D:\Advanced_programming\Project1\Project1\total.h(12,14): error C4430: 缺少类型说明符 - 假定为 int。注意: C++ 不支持默认 int
D:\Advanced_programming\Project1\Project1\total.h(12,22): error C2238: 意外的标记位于“;”之前
D:\Advanced_programming\Project1\Project1\total.h(23,21): error C2143: 语法错误: 缺少“;”(在“*”的前面)
D:\Advanced_programming\Project1\Project1\total.h(23,21): error C2433: “userNode”: 不允许在数据声明中使用“friend”
D:\Advanced_programming\Project1\Project1\total.h(23,21): error C4430: 缺少类型说明符 - 假定为 int。注意: C++ 不支持默认 int
D:\Advanced_programming\Project1\Project1\total.h(23,45): error C2238: 意外的标记位于“;”之前
D:\Advanced_programming\Project1\Project1\total.h(18,15): error C2614: “Total”: 非法的成员初始化:“userHead”不是基或成员
D:\Advanced_programming\Project1\Project1\total.h(18,31): error C2614: “Total”: 非法的成员初始化:“userNow”不是基或成员
D:\Advanced_programming\Project1\Project1\admin.cpp(68,15): error C2065: “p”: 未声明的标识符
D:\Advanced_programming\Project1\Project1\admin.cpp(68,25): error C2039: "userHead": 不是 "Total" 的成员
D:\Advanced_programming\Project1\Project1\total.h(9): message : 参见“Total”的声明
D:\Advanced_programming\Project1\Project1\admin.cpp(71,12): error C2065: “p”: 未声明的标识符
D:\Advanced_programming\Project1\Project1\admin.cpp(73,17): error C2065: “p”: 未声明的标识符
D:\Advanced_programming\Project1\Project1\admin.cpp(73,38): error C2065: “p”: 未声明的标识符
D:\Advanced_programming\Project1\Project1\admin.cpp(73,61): error C2065: “p”: 未声明的标识符
D:\Advanced_programming\Project1\Project1\admin.cpp(73,86): error C2065: “p”: 未声明的标识符
D:\Advanced_programming\Project1\Project1\admin.cpp(74,27): error C2065: “p”: 未声明的标识符
D:\Advanced_programming\Project1\Project1\admin.cpp(74,16): warning C4473: “printf”: 没有为格式字符串传递足够的参数
D:\Advanced_programming\Project1\Project1\admin.cpp(74,16): message : 占位符和其参数预计 1 可变参数，但提供的却是 0 参数
D:\Advanced_programming\Project1\Project1\admin.cpp(74,16): message : 缺失的可变参数 1 为格式字符串“%.1lf”所需
D:\Advanced_programming\Project1\Project1\admin.cpp(75,17): error C2065: “p”: 未声明的标识符
D:\Advanced_programming\Project1\Project1\admin.cpp(76,9): error C2065: “p”: 未声明的标识符
D:\Advanced_programming\Project1\Project1\admin.cpp(76,13): error C2065: “p”: 未声明的标识符
D:\Advanced_programming\Project1\Project1\admin.cpp(85,15): error C2065: “p”: 未声明的标识符
D:\Advanced_programming\Project1\Project1\admin.cpp(86,9): error C2065: “p”: 未声明的标识符
D:\Advanced_programming\Project1\Project1\admin.cpp(93,13): error C2065: “p”: 未声明的标识符
D:\Advanced_programming\Project1\Project1\admin.cpp(93,34): error C2065: “p”: 未声明的标识符
D:\Advanced_programming\Project1\Project1\admin.cpp(93,57): error C2065: “p”: 未声明的标识符
D:\Advanced_programming\Project1\Project1\admin.cpp(93,82): error C2065: “p”: 未声明的标识符
D:\Advanced_programming\Project1\Project1\admin.cpp(94,23): error C2065: “p”: 未声明的标识符
D:\Advanced_programming\Project1\Project1\admin.cpp(94,12): warning C4473: “printf”: 没有为格式字符串传递足够的参数
D:\Advanced_programming\Project1\Project1\admin.cpp(94,12): message : 占位符和其参数预计 1 可变参数，但提供的却是 0 参数
D:\Advanced_programming\Project1\Project1\admin.cpp(94,12): message : 缺失的可变参数 1 为格式字符串“%.1lf”所需
D:\Advanced_programming\Project1\Project1\admin.cpp(100,9): error C2065: “p”: 未声明的标识符
  file.cpp
D:\Advanced_programming\Project1\Project1\user.h(1,1): warning C4819: 该文件包含不能在当前代码页(936)中表示的字符。请将该文件保存为 Unicode 格式以防止数据丢失
D:\Advanced_programming\Project1\Project1\user.h(17,17): error C2143: 语法错误: 缺少“;”(在“*”的前面)
D:\Advanced_programming\Project1\Project1\user.h(17,17): error C2433: “userNode”: 不允许在数据声明中使用“friend”
D:\Advanced_programming\Project1\Project1\user.h(17,17): error C4430: 缺少类型说明符 - 假定为 int。注意: C++ 不支持默认 int
D:\Advanced_programming\Project1\Project1\user.h(17,42): error C2238: 意外的标记位于“;”之前
D:\Advanced_programming\Project1\Project1\total.h(6,10): error C2143: 语法错误: 缺少“;”(在“*”的前面)
D:\Advanced_programming\Project1\Project1\total.h(6,10): error C4430: 缺少类型说明符 - 假定为 int。注意: C++ 不支持默认 int
D:\Advanced_programming\Project1\Project1\total.h(6,1): error C2086: “int userNode”: 重定义
D:\Advanced_programming\Project1\Project1\user.h(17): message : 参见“userNode”的声明
D:\Advanced_programming\Project1\Project1\total.h(6,34): error C4430: 缺少类型说明符 - 假定为 int。注意: C++ 不支持默认 int
D:\Advanced_programming\Project1\Project1\total.h(11,14): error C2143: 语法错误: 缺少“;”(在“*”的前面)
D:\Advanced_programming\Project1\Project1\total.h(11,14): error C4430: 缺少类型说明符 - 假定为 int。注意: C++ 不支持默认 int
D:\Advanced_programming\Project1\Project1\total.h(11,23): error C2238: 意外的标记位于“;”之前
D:\Advanced_programming\Project1\Project1\total.h(12,14): error C2143: 语法错误: 缺少“;”(在“*”的前面)
D:\Advanced_programming\Project1\Project1\total.h(12,14): error C4430: 缺少类型说明符 - 假定为 int。注意: C++ 不支持默认 int
D:\Advanced_programming\Project1\Project1\total.h(12,22): error C2238: 意外的标记位于“;”之前
D:\Advanced_programming\Project1\Project1\total.h(23,21): error C2143: 语法错误: 缺少“;”(在“*”的前面)
D:\Advanced_programming\Project1\Project1\total.h(23,21): error C2433: “userNode”: 不允许在数据声明中使用“friend”
D:\Advanced_programming\Project1\Project1\total.h(23,21): error C4430: 缺少类型说明符 - 假定为 int。注意: C++ 不支持默认 int
D:\Advanced_programming\Project1\Project1\total.h(23,45): error C2238: 意外的标记位于“;”之前
D:\Advanced_programming\Project1\Project1\total.h(18,15): error C2614: “Total”: 非法的成员初始化:“userHead”不是基或成员
D:\Advanced_programming\Project1\Project1\total.h(18,31): error C2614: “Total”: 非法的成员初始化:“userNow”不是基或成员
D:\Advanced_programming\Project1\Project1\file.cpp(19,15): error C2065: “p”: 未声明的标识符
D:\Advanced_programming\Project1\Project1\file.cpp(19,25): error C2039: "userHead": 不是 "Total" 的成员
D:\Advanced_programming\Project1\Project1\total.h(9): message : 参见“Total”的声明
D:\Advanced_programming\Project1\Project1\file.cpp(20,12): error C2065: “p”: 未声明的标识符
D:\Advanced_programming\Project1\Project1\file.cpp(22,20): error C2065: “p”: 未声明的标识符
D:\Advanced_programming\Project1\Project1\file.cpp(22,40): error C2065: “p”: 未声明的标识符
D:\Advanced_programming\Project1\Project1\file.cpp(22,62): error C2065: “p”: 未声明的标识符
D:\Advanced_programming\Project1\Project1\file.cpp(22,84): error C2065: “p”: 未声明的标识符
D:\Advanced_programming\Project1\Project1\file.cpp(22,108): error C2065: “p”: 未声明的标识符
D:\Advanced_programming\Project1\Project1\file.cpp(22,130): error C2065: “p”: 未声明的标识符
D:\Advanced_programming\Project1\Project1\file.cpp(22,155): error C2065: “p”: 未声明的标识符
D:\Advanced_programming\Project1\Project1\file.cpp(23,9): error C2065: “p”: 未声明的标识符
D:\Advanced_programming\Project1\Project1\file.cpp(23,13): error C2065: “p”: 未声明的标识符
  init.cpp
D:\Advanced_programming\Project1\Project1\user.h(1,1): warning C4819: 该文件包含不能在当前代码页(936)中表示的字符。请将该文件保存为 Unicode 格式以防止数据丢失
D:\Advanced_programming\Project1\Project1\user.h(17,17): error C2143: 语法错误: 缺少“;”(在“*”的前面)
D:\Advanced_programming\Project1\Project1\user.h(17,17): error C2433: “userNode”: 不允许在数据声明中使用“friend”
D:\Advanced_programming\Project1\Project1\user.h(17,17): error C4430: 缺少类型说明符 - 假定为 int。注意: C++ 不支持默认 int
D:\Advanced_programming\Project1\Project1\user.h(17,42): error C2238: 意外的标记位于“;”之前
D:\Advanced_programming\Project1\Project1\init.cpp(29,13): error C3861: “user_log_in”: 找不到标识符
D:\Advanced_programming\Project1\Project1\init.cpp(32,13): error C3861: “user_sign_up”: 找不到标识符
  main.cpp
D:\Advanced_programming\Project1\Project1\user.h(1,1): warning C4819: 该文件包含不能在当前代码页(936)中表示的字符。请将该文件保存为 Unicode 格式以防止数据丢失
D:\Advanced_programming\Project1\Project1\user.h(17,17): error C2143: 语法错误: 缺少“;”(在“*”的前面)
D:\Advanced_programming\Project1\Project1\user.h(17,17): error C2433: “userNode”: 不允许在数据声明中使用“friend”
D:\Advanced_programming\Project1\Project1\user.h(17,17): error C4430: 缺少类型说明符 - 假定为 int。注意: C++ 不支持默认 int
D:\Advanced_programming\Project1\Project1\user.h(17,42): error C2238: 意外的标记位于“;”之前
  total.cpp
D:\Advanced_programming\Project1\Project1\user.h(1,1): warning C4819: 该文件包含不能在当前代码页(936)中表示的字符。请将该文件保存为 Unicode 格式以防止数据丢失
D:\Advanced_programming\Project1\Project1\user.h(17,17): error C2143: 语法错误: 缺少“;”(在“*”的前面)
D:\Advanced_programming\Project1\Project1\user.h(17,17): error C2433: “userNode”: 不允许在数据声明中使用“friend”
D:\Advanced_programming\Project1\Project1\user.h(17,17): error C4430: 缺少类型说明符 - 假定为 int。注意: C++ 不支持默认 int
D:\Advanced_programming\Project1\Project1\user.h(17,42): error C2238: 意外的标记位于“;”之前
D:\Advanced_programming\Project1\Project1\total.h(6,10): error C2143: 语法错误: 缺少“;”(在“*”的前面)
D:\Advanced_programming\Project1\Project1\total.h(6,10): error C4430: 缺少类型说明符 - 假定为 int。注意: C++ 不支持默认 int
D:\Advanced_programming\Project1\Project1\total.h(6,1): error C2086: “int userNode”: 重定义
D:\Advanced_programming\Project1\Project1\user.h(17): message : 参见“userNode”的声明
D:\Advanced_programming\Project1\Project1\total.h(6,34): error C4430: 缺少类型说明符 - 假定为 int。注意: C++ 不支持默认 int
D:\Advanced_programming\Project1\Project1\total.h(11,14): error C2143: 语法错误: 缺少“;”(在“*”的前面)
D:\Advanced_programming\Project1\Project1\total.h(11,14): error C4430: 缺少类型说明符 - 假定为 int。注意: C++ 不支持默认 int
D:\Advanced_programming\Project1\Project1\total.h(11,23): error C2238: 意外的标记位于“;”之前
D:\Advanced_programming\Project1\Project1\total.h(12,14): error C2143: 语法错误: 缺少“;”(在“*”的前面)
D:\Advanced_programming\Project1\Project1\total.h(12,14): error C4430: 缺少类型说明符 - 假定为 int。注意: C++ 不支持默认 int
D:\Advanced_programming\Project1\Project1\total.h(12,22): error C2238: 意外的标记位于“;”之前
D:\Advanced_programming\Project1\Project1\total.h(23,21): error C2143: 语法错误: 缺少“;”(在“*”的前面)
D:\Advanced_programming\Project1\Project1\total.h(23,21): error C2433: “userNode”: 不允许在数据声明中使用“friend”
D:\Advanced_programming\Project1\Project1\total.h(23,21): error C4430: 缺少类型说明符 - 假定为 int。注意: C++ 不支持默认 int
D:\Advanced_programming\Project1\Project1\total.h(23,45): error C2238: 意外的标记位于“;”之前
D:\Advanced_programming\Project1\Project1\total.h(18,15): error C2614: “Total”: 非法的成员初始化:“userHead”不是基或成员
D:\Advanced_programming\Project1\Project1\total.h(18,31): error C2614: “Total”: 非法的成员初始化:“userNow”不是基或成员
D:\Advanced_programming\Project1\Project1\total.cpp(8,10): error C2143: 语法错误: 缺少“;”(在“*”的前面)
D:\Advanced_programming\Project1\Project1\total.cpp(8,10): error C4430: 缺少类型说明符 - 假定为 int。注意: C++ 不支持默认 int
D:\Advanced_programming\Project1\Project1\total.cpp(8,1): error C2086: “int userNode”: 重定义
D:\Advanced_programming\Project1\Project1\user.h(17): message : 参见“userNode”的声明
D:\Advanced_programming\Project1\Project1\total.cpp(9,1): error C4430: 缺少类型说明符 - 假定为 int。注意: C++ 不支持默认 int
D:\Advanced_programming\Project1\Project1\total.cpp(9,1): error C2059: 语法错误:“{”
D:\Advanced_programming\Project1\Project1\total.cpp(9,1): error C2143: 语法错误: 缺少“;”(在“{”的前面)
D:\Advanced_programming\Project1\Project1\total.cpp(9,1): error C2447: “{”: 缺少函数标题(是否是老式的形式表?)
  user.cpp
D:\Advanced_programming\Project1\Project1\user.h(1,1): warning C4819: 该文件包含不能在当前代码页(936)中表示的字符。请将该文件保存为 Unicode 格式以防止数据丢失
D:\Advanced_programming\Project1\Project1\user.h(17,17): error C2143: 语法错误: 缺少“;”(在“*”的前面)
D:\Advanced_programming\Project1\Project1\user.h(17,17): error C2433: “userNode”: 不允许在数据声明中使用“friend”
D:\Advanced_programming\Project1\Project1\user.h(17,17): error C4430: 缺少类型说明符 - 假定为 int。注意: C++ 不支持默认 int
D:\Advanced_programming\Project1\Project1\user.h(17,42): error C2238: 意外的标记位于“;”之前
D:\Advanced_programming\Project1\Project1\total.h(6,10): error C2143: 语法错误: 缺少“;”(在“*”的前面)
D:\Advanced_programming\Project1\Project1\total.h(6,10): error C4430: 缺少类型说明符 - 假定为 int。注意: C++ 不支持默认 int
D:\Advanced_programming\Project1\Project1\total.h(6,1): error C2086: “int userNode”: 重定义
D:\Advanced_programming\Project1\Project1\user.h(17): message : 参见“userNode”的声明
D:\Advanced_programming\Project1\Project1\total.h(6,34): error C4430: 缺少类型说明符 - 假定为 int。注意: C++ 不支持默认 int
D:\Advanced_programming\Project1\Project1\total.h(11,14): error C2143: 语法错误: 缺少“;”(在“*”的前面)
D:\Advanced_programming\Project1\Project1\total.h(11,14): error C4430: 缺少类型说明符 - 假定为 int。注意: C++ 不支持默认 int
D:\Advanced_programming\Project1\Project1\total.h(11,23): error C2238: 意外的标记位于“;”之前
D:\Advanced_programming\Project1\Project1\total.h(12,14): error C2143: 语法错误: 缺少“;”(在“*”的前面)
D:\Advanced_programming\Project1\Project1\total.h(12,14): error C4430: 缺少类型说明符 - 假定为 int。注意: C++ 不支持默认 int
D:\Advanced_programming\Project1\Project1\total.h(12,22): error C2238: 意外的标记位于“;”之前
D:\Advanced_programming\Project1\Project1\total.h(23,21): error C2143: 语法错误: 缺少“;”(在“*”的前面)
D:\Advanced_programming\Project1\Project1\total.h(23,21): error C2433: “userNode”: 不允许在数据声明中使用“friend”
D:\Advanced_programming\Project1\Project1\total.h(23,21): error C4430: 缺少类型说明符 - 假定为 int。注意: C++ 不支持默认 int
D:\Advanced_programming\Project1\Project1\total.h(23,45): error C2238: 意外的标记位于“;”之前
D:\Advanced_programming\Project1\Project1\total.h(18,15): error C2614: “Total”: 非法的成员初始化:“userHead”不是基或成员
D:\Advanced_programming\Project1\Project1\total.h(18,31): error C2614: “Total”: 非法的成员初始化:“userNow”不是基或成员
D:\Advanced_programming\Project1\Project1\user.cpp(39,15): error C2065: “q”: 未声明的标识符
D:\Advanced_programming\Project1\Project1\user.cpp(39,23): error C2061: 语法错误: 标识符“userNode”
D:\Advanced_programming\Project1\Project1\user.cpp(40,5): error C2065: “q”: 未声明的标识符
D:\Advanced_programming\Project1\Project1\user.cpp(41,5): error C2065: “q”: 未声明的标识符
D:\Advanced_programming\Project1\Project1\user.cpp(42,5): error C2065: “q”: 未声明的标识符
D:\Advanced_programming\Project1\Project1\user.cpp(43,5): error C2065: “q”: 未声明的标识符
D:\Advanced_programming\Project1\Project1\user.cpp(44,5): error C2065: “q”: 未声明的标识符
D:\Advanced_programming\Project1\Project1\user.cpp(45,15): error C2065: “p”: 未声明的标识符
D:\Advanced_programming\Project1\Project1\user.cpp(45,25): error C2039: "userHead": 不是 "Total" 的成员
D:\Advanced_programming\Project1\Project1\total.h(9): message : 参见“Total”的声明
D:\Advanced_programming\Project1\Project1\user.cpp(46,9): error C2065: “p”: 未声明的标识符
D:\Advanced_programming\Project1\Project1\user.cpp(47,15): error C2039: "userHead": 不是 "Total" 的成员
D:\Advanced_programming\Project1\Project1\total.h(9): message : 参见“Total”的声明
D:\Advanced_programming\Project1\Project1\user.cpp(47,26): error C2065: “q”: 未声明的标识符
D:\Advanced_programming\Project1\Project1\user.cpp(50,16): error C2065: “p”: 未声明的标识符
D:\Advanced_programming\Project1\Project1\user.cpp(51,13): error C2065: “p”: 未声明的标识符
D:\Advanced_programming\Project1\Project1\user.cpp(51,17): error C2065: “p”: 未声明的标识符
D:\Advanced_programming\Project1\Project1\user.cpp(52,9): error C2065: “p”: 未声明的标识符
D:\Advanced_programming\Project1\Project1\user.cpp(52,19): error C2065: “q”: 未声明的标识符
D:\Advanced_programming\Project1\Project1\user.cpp(65,15): error C2065: “p”: 未声明的标识符
D:\Advanced_programming\Project1\Project1\user.cpp(65,25): error C2039: "userHead": 不是 "Total" 的成员
D:\Advanced_programming\Project1\Project1\total.h(9): message : 参见“Total”的声明
D:\Advanced_programming\Project1\Project1\user.cpp(66,12): error C2065: “p”: 未声明的标识符
D:\Advanced_programming\Project1\Project1\user.cpp(67,13): error C2065: “p”: 未声明的标识符
D:\Advanced_programming\Project1\Project1\user.cpp(69,9): error C2065: “p”: 未声明的标识符
D:\Advanced_programming\Project1\Project1\user.cpp(69,13): error C2065: “p”: 未声明的标识符
D:\Advanced_programming\Project1\Project1\user.cpp(71,9): error C2065: “p”: 未声明的标识符
D:\Advanced_programming\Project1\Project1\user.cpp(77,9): error C2065: “p”: 未声明的标识符
D:\Advanced_programming\Project1\Project1\user.cpp(81,11): error C2039: "userNow": 不是 "Total" 的成员
D:\Advanced_programming\Project1\Project1\total.h(9): message : 参见“Total”的声明
D:\Advanced_programming\Project1\Project1\user.cpp(81,21): error C2065: “p”: 未声明的标识符
D:\Advanced_programming\Project1\Project1\user.cpp(83,12): error C3861: “user_menu”: 找不到标识符
D:\Advanced_programming\Project1\Project1\user.cpp(96,13): error C3861: “buyer_menu”: 找不到标识符
D:\Advanced_programming\Project1\Project1\user.cpp(99,13): error C3861: “seller_menu”: 找不到标识符
D:\Advanced_programming\Project1\Project1\user.cpp(119,13): error C3861: “pim_view_info”: 找不到标识符
D:\Advanced_programming\Project1\Project1\user.cpp(122,13): error C3861: “pim_modi_info”: 找不到标识符
D:\Advanced_programming\Project1\Project1\user.cpp(125,13): error C3861: “pim_recharge”: 找不到标识符
D:\Advanced_programming\Project1\Project1\user.cpp(128,20): error C3861: “user_menu”: 找不到标识符
D:\Advanced_programming\Project1\Project1\user.cpp(135,29): error C2039: "userNow": 不是 "Total" 的成员
D:\Advanced_programming\Project1\Project1\total.h(9): message : 参见“Total”的声明
D:\Advanced_programming\Project1\Project1\user.cpp(135,12): warning C4473: “printf”: 没有为格式字符串传递足够的参数
D:\Advanced_programming\Project1\Project1\user.cpp(135,12): message : 占位符和其参数预计 1 可变参数，但提供的却是 0 参数
D:\Advanced_programming\Project1\Project1\user.cpp(135,12): message : 缺失的可变参数 1 为格式字符串“%.1lf”所需
D:\Advanced_programming\Project1\Project1\user.cpp(138,11): error C2039: "userNow": 不是 "Total" 的成员
D:\Advanced_programming\Project1\Project1\total.h(9): message : 参见“Total”的声明
D:\Advanced_programming\Project1\Project1\user.cpp(150,15): error C2039: "userNow": 不是 "Total" 的成员
D:\Advanced_programming\Project1\Project1\total.h(9): message : 参见“Total”的声明
D:\Advanced_programming\Project1\Project1\user.cpp(157,15): error C2039: "userNow": 不是 "Total" 的成员
D:\Advanced_programming\Project1\Project1\total.h(9): message : 参见“Total”的声明
D:\Advanced_programming\Project1\Project1\user.cpp(164,15): error C2039: "userNow": 不是 "Total" 的成员
D:\Advanced_programming\Project1\Project1\total.h(9): message : 参见“Total”的声明
D:\Advanced_programming\Project1\Project1\user.cpp(174,36): error C2039: "userNow": 不是 "Total" 的成员
D:\Advanced_programming\Project1\Project1\total.h(9): message : 参见“Total”的声明
D:\Advanced_programming\Project1\Project1\user.cpp(175,39): error C2039: "userNow": 不是 "Total" 的成员
D:\Advanced_programming\Project1\Project1\total.h(9): message : 参见“Total”的声明
D:\Advanced_programming\Project1\Project1\user.cpp(176,34): error C2039: "userNow": 不是 "Total" 的成员
D:\Advanced_programming\Project1\Project1\total.h(9): message : 参见“Total”的声明
D:\Advanced_programming\Project1\Project1\user.cpp(177,34): error C2039: "userNow": 不是 "Total" 的成员
D:\Advanced_programming\Project1\Project1\total.h(9): message : 参见“Total”的声明
D:\Advanced_programming\Project1\Project1\user.cpp(213,24): error C2248: “Total::goodHead”: 无法访问 private 成员(在“Total”类中声明)
D:\Advanced_programming\Project1\Project1\total.h(13): message : 参见“Total::goodHead”的声明
D:\Advanced_programming\Project1\Project1\total.h(9): message : 参见“Total”的声明
D:\Advanced_programming\Project1\Project1\user.cpp(247,25): error C2248: “Total::orderHead”: 无法访问 private 成员(在“Total”类中声明)
D:\Advanced_programming\Project1\Project1\total.h(14): message : 参见“Total::orderHead”的声明
D:\Advanced_programming\Project1\Project1\total.h(9): message : 参见“Total”的声明
D:\Advanced_programming\Project1\Project1\user.cpp(251,37): error C2039: "userNow": 不是 "Total" 的成员
D:\Advanced_programming\Project1\Project1\total.h(9): message : 参见“Total”的声明
D:\Advanced_programming\Project1\Project1\user.cpp(262,24): error C2248: “Total::goodHead”: 无法访问 private 成员(在“Total”类中声明)
D:\Advanced_programming\Project1\Project1\total.h(13): message : 参见“Total::goodHead”的声明
D:\Advanced_programming\Project1\Project1\total.h(9): message : 参见“Total”的声明
  正在生成代码...
